[debug] [2024-08-22T12:46:52.326Z] ----------------------------------------------------------------------
[debug] [2024-08-22T12:46:52.328Z] Command:       C:\Program Files\nodejs\node.exe C:\Users\ACER\AppData\Roaming\npm\node_modules\firebase-tools\lib\bin\firebase.js init
[debug] [2024-08-22T12:46:52.328Z] CLI Version:   13.7.5
[debug] [2024-08-22T12:46:52.328Z] Platform:      win32
[debug] [2024-08-22T12:46:52.329Z] Node Version:  v18.12.1
[debug] [2024-08-22T12:46:52.330Z] Time:          Thu Aug 22 2024 19:46:52 GMT+0700 (Western Indonesia Time)
[debug] [2024-08-22T12:46:52.330Z] ----------------------------------------------------------------------
[debug] 
[debug] [2024-08-22T12:46:52.336Z] > command requires scopes: ["email","openid","https://www.googleapis.com/auth/cloudplatformprojects.readonly","https://www.googleapis.com/auth/firebase","https://www.googleapis.com/auth/cloud-platform"]
[debug] [2024-08-22T12:46:52.336Z] > authorizing via signed-in user (kerjasamaalhisal@gmail.com)
[info] 
     ######## #### ########  ######## ########     ###     ######  ########
     ##        ##  ##     ## ##       ##     ##  ##   ##  ##       ##
     ######    ##  ########  ######   ########  #########  ######  ######
     ##        ##  ##    ##  ##       ##     ## ##     ##       ## ##
     ##       #### ##     ## ######## ########  ##     ##  ######  ########

You're about to initialize a Firebase project in this directory:

  D:\Website Dev\lp-coco-master\lp-coco-master

[info] 
=== Project Setup
[info] 
[info] First, let's associate this project directory with a Firebase project.
[info] You can create multiple project aliases by running firebase use --add, 
[info] but for now we'll just set up a default project.
[info] 
[info] i  If you want to create a project in a Google Cloud organization or folder, please use "firebase projects:create" instead, and return to this command when you've created the project. 
[debug] [2024-08-22T12:47:32.452Z] >>> [apiv2][query] POST https://cloudresourcemanager.googleapis.com/v1/projects [none]
[debug] [2024-08-22T12:47:32.452Z] >>> [apiv2][body] POST https://cloudresourcemanager.googleapis.com/v1/projects {"projectId":"kianbuanajaya","name":"kbjprofile"}
[debug] [2024-08-22T12:47:34.729Z] <<< [apiv2][status] POST https://cloudresourcemanager.googleapis.com/v1/projects 200
[debug] [2024-08-22T12:47:34.729Z] <<< [apiv2][body] POST https://cloudresourcemanager.googleapis.com/v1/projects {"name":"operations/cp.6098227803229696836"}
[debug] [2024-08-22T12:47:34.731Z] >>> [apiv2][query] GET https://cloudresourcemanager.googleapis.com/v1/operations/cp.6098227803229696836 [none]
[debug] [2024-08-22T12:47:36.223Z] <<< [apiv2][status] GET https://cloudresourcemanager.googleapis.com/v1/operations/cp.6098227803229696836 200
[debug] [2024-08-22T12:47:36.223Z] <<< [apiv2][body] GET https://cloudresourcemanager.googleapis.com/v1/operations/cp.6098227803229696836 {"name":"operations/cp.6098227803229696836","metadata":{"@type":"type.googleapis.com/google.cloudresourcemanager.v1.ProjectCreationStatus","ready":true},"done":true,"error":{"code":9,"message":"Callers must accept Terms of Service","details":[{"@type":"type.googleapis.com/google.rpc.PreconditionFailure","violations":[{"type":"TOS","subject":"cloud","description":"Callers must accept Terms of Service"}]}]}}
[debug] [2024-08-22T12:47:36.238Z] FirebaseError: Callers must accept Terms of Service
    at OperationPoller.poll (C:\Users\ACER\AppData\Roaming\npm\node_modules\firebase-tools\lib\operation-poller.js:24:19)
    at process.processTicksAndRejections (node:internal/process/task_queues:95:5)
    at async createCloudProject (C:\Users\ACER\AppData\Roaming\npm\node_modules\firebase-tools\lib\management\projects.js:186:29)
    at async createFirebaseProjectAndLog (C:\Users\ACER\AppData\Roaming\npm\node_modules\firebase-tools\lib\management\projects.js:45:9)
    at async promptAndCreateNewProject (C:\Users\ACER\AppData\Roaming\npm\node_modules\firebase-tools\lib\init\features\project.js:32:12)
    at async doSetup (C:\Users\ACER\AppData\Roaming\npm\node_modules\firebase-tools\lib\init\features\project.js:88:27)
    at async init (C:\Users\ACER\AppData\Roaming\npm\node_modules\firebase-tools\lib\init\index.js:37:9)
[error] 
[error] Error: Failed to create project. See firebase-debug.log for more info.
[debug] [2024-08-22T12:52:31.750Z] ----------------------------------------------------------------------
[debug] [2024-08-22T12:52:31.752Z] Command:       C:\Program Files\nodejs\node.exe C:\Users\ACER\AppData\Roaming\npm\node_modules\firebase-tools\lib\bin\firebase.js init
[debug] [2024-08-22T12:52:31.753Z] CLI Version:   13.7.5
[debug] [2024-08-22T12:52:31.753Z] Platform:      win32
[debug] [2024-08-22T12:52:31.753Z] Node Version:  v18.12.1
[debug] [2024-08-22T12:52:31.754Z] Time:          Thu Aug 22 2024 19:52:31 GMT+0700 (Western Indonesia Time)
[debug] [2024-08-22T12:52:31.754Z] ----------------------------------------------------------------------
[debug] 
[debug] [2024-08-22T12:52:31.765Z] > command requires scopes: ["email","openid","https://www.googleapis.com/auth/cloudplatformprojects.readonly","https://www.googleapis.com/auth/firebase","https://www.googleapis.com/auth/cloud-platform"]
[debug] [2024-08-22T12:52:31.766Z] > authorizing via signed-in user (kerjasamaalhisal@gmail.com)
[info] 
     ######## #### ########  ######## ########     ###     ######  ########
     ##        ##  ##     ## ##       ##     ##  ##   ##  ##       ##
     ######    ##  ########  ######   ########  #########  ######  ######
     ##        ##  ##    ##  ##       ##     ## ##     ##       ## ##
     ##       #### ##     ## ######## ########  ##     ##  ######  ########

You're about to initialize a Firebase project in this directory:

  D:\Website Dev\lp-coco-master\lp-coco-master

[info] 
=== Project Setup
[info] 
[info] First, let's associate this project directory with a Firebase project.
[info] You can create multiple project aliases by running firebase use --add, 
[info] but for now we'll just set up a default project.
[info] 
[debug] [2024-08-22T12:53:01.378Z] >>> [apiv2][query] GET https://firebase.googleapis.com/v1beta1/projects pageSize=100
[debug] [2024-08-22T12:53:02.163Z] <<< [apiv2][status] GET https://firebase.googleapis.com/v1beta1/projects 200
[debug] [2024-08-22T12:53:02.164Z] <<< [apiv2][body] GET https://firebase.googleapis.com/v1beta1/projects [omitted]
[info] i  Using project kianbuanajaya-adbb7 (KianBuanaJaya) 
[info] 
=== Hosting Setup
[debug] [2024-08-22T12:53:03.270Z] >>> [apiv2][query] GET https://firebase.googleapis.com/v1beta1/projects/kianbuanajaya-adbb7 [none]
[debug] [2024-08-22T12:53:03.958Z] <<< [apiv2][status] GET https://firebase.googleapis.com/v1beta1/projects/kianbuanajaya-adbb7 200
[debug] [2024-08-22T12:53:03.959Z] <<< [apiv2][body] GET https://firebase.googleapis.com/v1beta1/projects/kianbuanajaya-adbb7 {"projectId":"kianbuanajaya-adbb7","projectNumber":"89503025375","displayName":"KianBuanaJaya","name":"projects/kianbuanajaya-adbb7","resources":{"hostingSite":"kianbuanajaya-adbb7"},"state":"ACTIVE","etag":"1_53d407a6-cff6-49d0-9dea-8636ea425fcc"}
[info] 
[info] Your public directory is the folder (relative to your project directory) that
[info] will contain Hosting assets to be uploaded with firebase deploy. If you
[info] have a build process for your assets, use your build's output directory.
[info] 
[info] +  Wrote public/404.html 
[debug] [2024-08-22T13:00:34.265Z] >>> [apiv2][query] GET https://www.gstatic.com/firebasejs/releases.json [none]
[debug] [2024-08-22T13:00:34.655Z] <<< [apiv2][status] GET https://www.gstatic.com/firebasejs/releases.json 200
[debug] [2024-08-22T13:00:34.655Z] <<< [apiv2][body] GET https://www.gstatic.com/firebasejs/releases.json {"current":{"version":"10.13.0","browserURL":"https://www.gstatic.com/firebasejs/10.13.0/firebase.js","packageURL":"https://www.gstatic.com/firebasejs/10.13.0/firebase.tgz"},"live":{"version":"10.13","browserURL":"https://www.gstatic.com/firebasejs/live/10.13/firebase.js","packageURL":"https://www.gstatic.com/firebasejs/live/10.13/firebase.tgz"},"components":{"analytics":"https://www.gstatic.com/firebasejs/10.13.0/firebase-analytics.js","app":"https://www.gstatic.com/firebasejs/10.13.0/firebase-app.js","app-check":"https://www.gstatic.com/firebasejs/10.13.0/firebase-app-check.js","auth":"https://www.gstatic.com/firebasejs/10.13.0/firebase-auth.js","auth/cordova":"https://www.gstatic.com/firebasejs/10.13.0/firebase-auth/cordova.js","auth/web-extension":"https://www.gstatic.com/firebasejs/10.13.0/firebase-auth/web-extension.js","functions":"https://www.gstatic.com/firebasejs/10.13.0/firebase-functions.js","firestore":"https://www.gstatic.com/firebasejs/10.13.0/firebase-firestore.js","firestore/lite":"https://www.gstatic.com/firebasejs/10.13.0/firebase-firestore/lite.js","installations":"https://www.gstatic.com/firebasejs/10.13.0/firebase-installations.js","storage":"https://www.gstatic.com/firebasejs/10.13.0/firebase-storage.js","performance":"https://www.gstatic.com/firebasejs/10.13.0/firebase-performance.js","remote-config":"https://www.gstatic.com/firebasejs/10.13.0/firebase-remote-config.js","messaging":"https://www.gstatic.com/firebasejs/10.13.0/firebase-messaging.js","messaging/sw":"https://www.gstatic.com/firebasejs/10.13.0/firebase-messaging/sw.js","database":"https://www.gstatic.com/firebasejs/10.13.0/firebase-database.js","vertexai-preview":"https://www.gstatic.com/firebasejs/10.13.0/firebase-vertexai-preview.js","firestore.memory":"https://www.gstatic.com/firebasejs/10.13.0/firebase-firestore.memory.js"}}
[info] +  Wrote public/index.html 
[info] 
[info] i  Didn't detect a .git folder. Assuming D:\Website Dev\lp-coco-master\lp-coco-master is the project root. 
[info] i  Authorizing with GitHub to upload your service account to a GitHub repository's secrets store. 
[info] 
[info] Visit this URL on this device to log in:
[info] https://github.com/login/oauth/authorize?client_id=89cf50f02ac6aaed3484&state=503625208&redirect_uri=http%3A%2F%2Flocalhost%3A9005&scope=read%3Auser%20repo%20public_repo
[info] 
[info] Waiting for authentication...
[debug] [2024-08-22T13:00:50.998Z] >>> [apiv2][query] POST https://github.com/login/oauth/access_token [none]
[debug] [2024-08-22T13:00:50.998Z] >>> [apiv2][body] POST https://github.com/login/oauth/access_token [stream]
[debug] [2024-08-22T13:00:51.452Z] <<< [apiv2][status] POST https://github.com/login/oauth/access_token 200
[debug] [2024-08-22T13:00:51.453Z] <<< [apiv2][body] POST https://github.com/login/oauth/access_token {"access_token":"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","token_type":"bearer","scope":"read:user,repo"}
[debug] [2024-08-22T13:00:51.481Z] >>> [apiv2][query] GET https://api.github.com/user [none]
[debug] [2024-08-22T13:00:51.960Z] <<< [apiv2][status] GET https://api.github.com/user 200
[debug] [2024-08-22T13:00:51.960Z] <<< [apiv2][body] GET https://api.github.com/user {"login":"salmanman0","id":122844682,"node_id":"U_kgDOB1J2Cg","avatar_url":"https://avatars.githubusercontent.com/u/122844682?v=4","gravatar_id":"","url":"https://api.github.com/users/salmanman0","html_url":"https://github.com/salmanman0","followers_url":"https://api.github.com/users/salmanman0/followers","following_url":"https://api.github.com/users/salmanman0/following{/other_user}","gists_url":"https://api.github.com/users/salmanman0/gists{/gist_id}","starred_url":"https://api.github.com/users/salmanman0/starred{/owner}{/repo}","subscriptions_url":"https://api.github.com/users/salmanman0/subscriptions","organizations_url":"https://api.github.com/users/salmanman0/orgs","repos_url":"https://api.github.com/users/salmanman0/repos","events_url":"https://api.github.com/users/salmanman0/events{/privacy}","received_events_url":"https://api.github.com/users/salmanman0/received_events","type":"User","site_admin":false,"name":null,"company":null,"blog":"","location":null,"email":null,"hireable":null,"bio":null,"twitter_username":null,"notification_email":null,"public_repos":25,"public_gists":0,"followers":1,"following":1,"created_at":"2023-01-17T01:32:37Z","updated_at":"2024-08-14T00:11:02Z","private_gists":0,"total_private_repos":5,"owned_private_repos":5,"disk_usage":377065,"collaborators":1,"two_factor_authentication":false,"plan":{"name":"free","space":976562499,"collaborators":0,"private_repos":10000}}
[info] 
[info] +  Success! Logged into GitHub as salmanman0 
[info] 
[debug] [2024-08-22T13:01:04.786Z] >>> [apiv2][query] GET https://api.github.com/repos//actions/secrets/public-key type=owner
[debug] [2024-08-22T13:01:05.243Z] <<< [apiv2][status] GET https://api.github.com/repos//actions/secrets/public-key 404
[debug] [2024-08-22T13:01:05.244Z] <<< [apiv2][body] GET https://api.github.com/repos//actions/secrets/public-key {"message":"Not Found","documentation_url":"https://docs.github.com/rest","status":"404"}
[info] 
[info] 
[error] !  The provided authorization cannot be used with this repository. If this repository is in an organization, did you remember to grant access? 
[info] 
[info] i  Action required: Visit this URL to ensure access has been granted to the appropriate organization(s) for the Firebase CLI GitHub OAuth App: 
[info] https://github.com/settings/connections/applications/89cf50f02ac6aaed3484
[info] 
[debug] [2024-08-22T13:02:57.847Z] >>> [apiv2][query] GET https://api.github.com/repos/https://github.com/iqbalmahatmaputra/lp-coco/actions/secrets/public-key type=owner
[debug] [2024-08-22T13:02:58.279Z] <<< [apiv2][status] GET https://api.github.com/repos/https://github.com/iqbalmahatmaputra/lp-coco/actions/secrets/public-key 404
[debug] [2024-08-22T13:02:58.279Z] <<< [apiv2][body] GET https://api.github.com/repos/https://github.com/iqbalmahatmaputra/lp-coco/actions/secrets/public-key {"message":"Not Found","documentation_url":"https://docs.github.com/rest","status":"404"}
[info] 
[info] 
[error] !  The provided authorization cannot be used with this repository. If this repository is in an organization, did you remember to grant access? 
[info] 
[info] i  Action required: Visit this URL to ensure access has been granted to the appropriate organization(s) for the Firebase CLI GitHub OAuth App: 
[info] https://github.com/settings/connections/applications/89cf50f02ac6aaed3484
[info] 
[debug] [2024-08-22T13:03:23.726Z] >>> [apiv2][query] GET https://api.github.com/repos/https://github.com/iqbalmahatmaputra/lp-coco/actions/secrets/public-key type=owner
[debug] [2024-08-22T13:03:24.088Z] <<< [apiv2][status] GET https://api.github.com/repos/https://github.com/iqbalmahatmaputra/lp-coco/actions/secrets/public-key 404
[debug] [2024-08-22T13:03:24.088Z] <<< [apiv2][body] GET https://api.github.com/repos/https://github.com/iqbalmahatmaputra/lp-coco/actions/secrets/public-key {"message":"Not Found","documentation_url":"https://docs.github.com/rest","status":"404"}
[info] 
[info] 
[error] !  The provided authorization cannot be used with this repository. If this repository is in an organization, did you remember to grant access? 
[info] 
[info] i  Action required: Visit this URL to ensure access has been granted to the appropriate organization(s) for the Firebase CLI GitHub OAuth App: 
[info] https://github.com/settings/connections/applications/89cf50f02ac6aaed3484
[info] 
[debug] [2024-08-22T13:05:14.279Z] >>> [apiv2][query] GET https://api.github.com/repos/https://github.com/iqbalmahatmaputra/lp-coc.gito/actions/secrets/public-key type=owner
[debug] [2024-08-22T13:05:14.669Z] <<< [apiv2][status] GET https://api.github.com/repos/https://github.com/iqbalmahatmaputra/lp-coc.gito/actions/secrets/public-key 404
[debug] [2024-08-22T13:05:14.669Z] <<< [apiv2][body] GET https://api.github.com/repos/https://github.com/iqbalmahatmaputra/lp-coc.gito/actions/secrets/public-key {"message":"Not Found","documentation_url":"https://docs.github.com/rest","status":"404"}
[info] 
[info] 
[error] !  The provided authorization cannot be used with this repository. If this repository is in an organization, did you remember to grant access? 
[info] 
[info] i  Action required: Visit this URL to ensure access has been granted to the appropriate organization(s) for the Firebase CLI GitHub OAuth App: 
[info] https://github.com/settings/connections/applications/89cf50f02ac6aaed3484
[info] 
[debug] [2024-08-22T13:05:17.318Z] >>> [apiv2][query] GET https://api.github.com/repos/https://github.com/iqbalmahatmaputra/lp-coc.git/actions/secrets/public-key type=owner
[debug] [2024-08-22T13:05:17.670Z] <<< [apiv2][status] GET https://api.github.com/repos/https://github.com/iqbalmahatmaputra/lp-coc.git/actions/secrets/public-key 404
[debug] [2024-08-22T13:05:17.670Z] <<< [apiv2][body] GET https://api.github.com/repos/https://github.com/iqbalmahatmaputra/lp-coc.git/actions/secrets/public-key {"message":"Not Found","documentation_url":"https://docs.github.com/rest","status":"404"}
[info] 
[info] 
[error] !  The provided authorization cannot be used with this repository. If this repository is in an organization, did you remember to grant access? 
[info] 
[info] i  Action required: Visit this URL to ensure access has been granted to the appropriate organization(s) for the Firebase CLI GitHub OAuth App: 
[info] https://github.com/settings/connections/applications/89cf50f02ac6aaed3484
[info] 
[debug] [2024-08-22T13:05:21.373Z] >>> [apiv2][query] GET https://api.github.com/repos/https://github.com/iqbalmahatmaputra/lp-coco/actions/secrets/public-key type=owner
[debug] [2024-08-22T13:05:21.866Z] <<< [apiv2][status] GET https://api.github.com/repos/https://github.com/iqbalmahatmaputra/lp-coco/actions/secrets/public-key 404
[debug] [2024-08-22T13:05:21.866Z] <<< [apiv2][body] GET https://api.github.com/repos/https://github.com/iqbalmahatmaputra/lp-coco/actions/secrets/public-key {"message":"Not Found","documentation_url":"https://docs.github.com/rest","status":"404"}
[info] 
[info] 
[error] !  The provided authorization cannot be used with this repository. If this repository is in an organization, did you remember to grant access? 
[info] 
[info] i  Action required: Visit this URL to ensure access has been granted to the appropriate organization(s) for the Firebase CLI GitHub OAuth App: 
[info] https://github.com/settings/connections/applications/89cf50f02ac6aaed3484
[info] 
